<?xml version="1.0" encoding="UTF-8"?>
<testng-results skipped="0" failed="0" ignored="0" total="0" passed="0">
  <reporter-output>
  </reporter-output>
  <suite name="Data Driven Test" duration-ms="117" started-at="2019-11-28T13:09:38Z" finished-at="2019-11-28T13:09:38Z">
    <groups>
    </groups>
    <test name="FrontDest" duration-ms="117" started-at="2019-11-28T13:09:38Z" finished-at="2019-11-28T13:09:38Z">
      <class name="com.w2a.testcase.logintest04">
        <test-method status="PASS" signature="setUp()[pri:0, instance:com.w2a.testcase.logintest04@446293d]" name="setUp" is-config="true" duration-ms="14012" started-at="2019-11-28T14:09:24Z" finished-at="2019-11-28T14:09:38Z">
          <reporter-output>
          </reporter-output>
        </test-method> <!-- setUp -->
        <test-method status="PASS" signature="tearDown()[pri:0, instance:com.w2a.testcase.logintest04@446293d]" name="tearDown" is-config="true" duration-ms="3535" started-at="2019-11-28T14:09:38Z" finished-at="2019-11-28T14:09:41Z">
          <reporter-output>
          </reporter-output>
        </test-method> <!-- tearDown -->
      </class> <!-- com.w2a.testcase.logintest04 -->
    </test> <!-- FrontDest -->
  </suite> <!-- Data Driven Test -->
</testng-results>
