<?xml version="1.0" encoding="UTF-8"?>
<testng-results skipped="0" failed="0" ignored="0" total="2" passed="2">
  <reporter-output>
  </reporter-output>
  <suite name="Data Driven Test" duration-ms="11177" started-at="2019-04-16T10:40:24Z" finished-at="2019-04-16T10:40:35Z">
    <groups>
    </groups>
    <test name="Invalid Email Login" duration-ms="11177" started-at="2019-04-16T10:40:24Z" finished-at="2019-04-16T10:40:35Z">
      <class name="com.w2a.testcase.FrontDesk">
        <test-method status="PASS" signature="setUp()[pri:0, instance:com.w2a.testcase.FrontDesk@1b1426f4]" name="setUp" is-config="true" duration-ms="14419" started-at="2019-04-16T11:40:09Z" finished-at="2019-04-16T11:40:24Z">
          <reporter-output>
          </reporter-output>
        </test-method> <!-- setUp -->
        <test-method status="PASS" signature="InvalidLogin()[pri:0, instance:com.w2a.testcase.FrontDesk@1b1426f4]" name="InvalidLogin" duration-ms="2400" started-at="2019-04-16T11:40:24Z" finished-at="2019-04-16T11:40:26Z">
          <reporter-output>
          </reporter-output>
        </test-method> <!-- InvalidLogin -->
        <test-method status="PASS" signature="validkLogin()[pri:0, instance:com.w2a.testcase.FrontDesk@1b1426f4]" name="validkLogin" duration-ms="8467" started-at="2019-04-16T11:40:26Z" finished-at="2019-04-16T11:40:35Z">
          <reporter-output>
          </reporter-output>
        </test-method> <!-- validkLogin -->
        <test-method status="PASS" signature="tearDown()[pri:0, instance:com.w2a.testcase.FrontDesk@1b1426f4]" name="tearDown" is-config="true" duration-ms="1229" started-at="2019-04-16T11:40:35Z" finished-at="2019-04-16T11:40:36Z">
          <reporter-output>
          </reporter-output>
        </test-method> <!-- tearDown -->
      </class> <!-- com.w2a.testcase.FrontDesk -->
    </test> <!-- Invalid Email Login -->
  </suite> <!-- Data Driven Test -->
</testng-results>
