<?xml version="1.0" encoding="UTF-8"?>
<!-- Generated by org.testng.reporters.JUnitXMLReporter -->
<testsuite hostname="DESKTOP-SARCICC" ignored="0" name="InvalidAdminLoginTest" tests="2" failures="2" timestamp="30 Jan 2019 17:05:53 GMT" time="142.765" errors="0">
  <testcase name="invalidAdminLoginTest" time="79.435" classname="com.w2a.suite.admin.testcases.InvalidAdminLoginTest">
    <failure type="java.lang.AssertionError" message="Failing while typing in an ElementemailField_NAME">
      <![CDATA[java.lang.AssertionError: Failing while typing in an ElementemailField_NAME
at com.w2a.datadriven.base.TestBase.reportFailure(TestBase.java:215)
at com.w2a.datadriven.base.TestBase.type(TestBase.java:265)
at com.w2a.suite.admin.testcases.InvalidAdminLoginTest.invalidAdminLoginTest(InvalidAdminLoginTest.java:29)
at java.util.concurrent.FutureTask.run(FutureTask.java:266)
at java.util.concurrent.Executors$RunnableAdapter.call(Executors.java:511)
at java.util.concurrent.FutureTask.run(FutureTask.java:266)
at java.util.concurrent.ThreadPoolExecutor.runWorker(ThreadPoolExecutor.java:1149)
at java.util.concurrent.ThreadPoolExecutor$Worker.run(ThreadPoolExecutor.java:624)
at java.lang.Thread.run(Thread.java:748)
... Removed 10 stack frames]]>
    </failure>
  </testcase> <!-- invalidAdminLoginTest -->
  <testcase name="invalidAdminLoginTest" time="140.821" classname="com.w2a.suite.admin.testcases.InvalidAdminLoginTest">
    <failure type="java.lang.AssertionError" message="Failing while typing in an ElementemailField_NAME">
      <![CDATA[java.lang.AssertionError: Failing while typing in an ElementemailField_NAME
at com.w2a.datadriven.base.TestBase.reportFailure(TestBase.java:215)
at com.w2a.datadriven.base.TestBase.type(TestBase.java:265)
at com.w2a.suite.admin.testcases.InvalidAdminLoginTest.invalidAdminLoginTest(InvalidAdminLoginTest.java:29)
at java.util.concurrent.FutureTask.run(FutureTask.java:266)
at java.util.concurrent.Executors$RunnableAdapter.call(Executors.java:511)
at java.util.concurrent.FutureTask.run(FutureTask.java:266)
at java.util.concurrent.ThreadPoolExecutor.runWorker(ThreadPoolExecutor.java:1149)
at java.util.concurrent.ThreadPoolExecutor$Worker.run(ThreadPoolExecutor.java:624)
at java.lang.Thread.run(Thread.java:748)
... Removed 10 stack frames]]>
    </failure>
  </testcase> <!-- invalidAdminLoginTest -->
</testsuite> <!-- InvalidAdminLoginTest -->
